INFO:sim:172 - Generating IP...
Applying current project options...
Finished applying current project options.
Resolving generics for 'ip_RAM'...
WARNING:sim - A core named 'ip_RAM' already exists in the project. Output
   products for this core may be overwritten.
Applying external generics to 'ip_RAM'...
Delivering associated files for 'ip_RAM'...
Delivering EJava files for 'ip_RAM'...
Generating implementation netlist for 'ip_RAM'...
INFO:sim - Pre-processing HDL files for 'ip_RAM'...
Running synthesis for 'ip_RAM'
Running ngcbuild...
Writing VHO instantiation template for 'ip_RAM'...
Writing VHDL behavioral simulation model for 'ip_RAM'...
WARNING:sim - Overwriting existing file
   /home/joppe/Projects/BF_CPU/ipcore_dir/tmp/_cg/ip_RAM/doc/blk_mem_gen_v7_3_vi
   nfo.html with file from view xilinx_documentation
Delivered 1 file into directory
/home/joppe/Projects/BF_CPU/ipcore_dir/tmp/_cg/ip_RAM
Generating ASY schematic symbol...
INFO:sim:949 - Finished generation of ASY schematic symbol.
Generating SYM schematic symbol for 'ip_RAM'...
Generating metadata file...
Regenerating ISE project file for 'ip_RAM'...
Generating ISE project...
XCO file found: ip_RAM.xco
XMDF file found: ip_RAM_xmdf.tcl
Adding /home/joppe/Projects/BF_CPU/ipcore_dir/tmp/_cg/ip_RAM.asy -view all
-origin_type imported
Adding /home/joppe/Projects/BF_CPU/ipcore_dir/tmp/_cg/ip_RAM.ngc -view all
-origin_type created
Checking file "/home/joppe/Projects/BF_CPU/ipcore_dir/tmp/_cg/ip_RAM.ngc" for
project device match ...
File "/home/joppe/Projects/BF_CPU/ipcore_dir/tmp/_cg/ip_RAM.ngc" device
information matches project device.
Adding /home/joppe/Projects/BF_CPU/ipcore_dir/tmp/_cg/ip_RAM.sym -view all
-origin_type imported
Adding /home/joppe/Projects/BF_CPU/ipcore_dir/tmp/_cg/ip_RAM.vhd -view all
-origin_type created
INFO:HDLCompiler:1061 - Parsing VHDL file
   "/home/joppe/Projects/BF_CPU/ipcore_dir/tmp/_cg/ip_RAM.vhd" into library work
INFO:ProjectMgmt - Parsing design hierarchy completed successfully.
Adding /home/joppe/Projects/BF_CPU/ipcore_dir/tmp/_cg/ip_RAM.vho -view all
-origin_type imported
INFO:TclTasksC:2116 - The automatic calculation of top has been turned-off.
   Please set the new top explicitly by running the "project set top" command.
   To re-calculate the new top automatically, set the "Auto Implementation Top"
   property to true.
Top level has been set to "/ip_RAM"
Generating README file...
Generating FLIST file...
INFO:sim:948 - Finished FLIST file generation.
Moving files to output directory...
Finished moving files to output directory
Wrote CGP file for project 'ip_RAM'.
